Game started at Wed Jul  2 04:04:21 2025

[MOVE] Player 0 drop col 0
.......
.......
.......
.......
.......
O......

[MOVE] Player 1 drop col 3
.......
.......
.......
.......
.......
O..X...

[MOVE] Player 0 drop col 2
.......
.......
.......
.......
.......
O.OX...

[MOVE] Player 1 drop col 3
.......
.......
.......
.......
...X...
O.OX...

[MOVE] Player 0 drop col 2
.......
.......
.......
.......
..OX...
O.OX...

[MOVE] Player 1 drop col 3
.......
.......
.......
...X...
..OX...
O.OX...

[MOVE] Player 0 drop col 3
.......
.......
...O...
...X...
..OX...
O.OX...

[MOVE] Player 1 drop col 4
.......
.......
...O...
...X...
..OX...
O.OXX..

[MOVE] Player 0 drop col 2
.......
.......
...O...
..OX...
..OX...
O.OXX..

[MOVE] Player 1 drop col 2
.......
.......
..XO...
..OX...
..OX...
O.OXX..

[MOVE] Player 0 drop col 4
.......
.......
..XO...
..OX...
..OXO..
O.OXX..

[MOVE] Player 1 drop col 5
.......
.......
..XO...
..OX...
..OXO..
O.OXXX.

[MOVE] Player 0 drop col 6
.......
.......
..XO...
..OX...
..OXO..
O.OXXXO

[MOVE] Player 1 drop col 6
.......
.......
..XO...
..OX...
..OXO.X
O.OXXXO

[MOVE] Player 0 drop col 5
.......
.......
..XO...
..OX...
..OXOOX
O.OXXXO

[MOVE] Player 1 drop col 4
.......
.......
..XO...
..OXX..
..OXOOX
O.OXXXO

[MOVE] Player 0 drop col 1
.......
.......
..XO...
..OXX..
..OXOOX
OOOXXXO

[MOVE] Player 1 drop col 5
.......
.......
..XO...
..OXXX.
..OXOOX
OOOXXXO

[MOVE] Player 0 drop col 1
[END] Game Over! Winner: Player 0
.......
.......
..XO...
..OXXX.
.OOXOOX
OOOXXXO
.......
.......
.......
.......
.......
.......

[EXIT] User exited
