Game started at Wed Jul  2 04:10:21 2025

[MOVE] Player 0 drop col 3
.......
.......
.......
.......
.......
...O...

[MOVE] Player 1 drop col 4
.......
.......
.......
.......
.......
...OX..

[MOVE] Player 0 drop col 2
.......
.......
.......
.......
.......
..OOX..

[MOVE] Player 1 drop col 3
.......
.......
.......
.......
...X...
..OOX..

[MOVE] Player 0 drop col 2
.......
.......
.......
.......
..OX...
..OOX..

[MOVE] Player 1 drop col 2
.......
.......
.......
..X....
..OX...
..OOX..

[MOVE] Player 0 drop col 1
.......
.......
.......
..X....
..OX...
.OOOX..

[MOVE] Player 1 drop col 0
.......
.......
.......
..X....
..OX...
XOOOX..

[MOVE] Player 0 drop col 1
.......
.......
.......
..X....
.OOX...
XOOOX..

[MOVE] Player 1 drop col 1
.......
.......
.......
.XX....
.OOX...
XOOOX..

[MOVE] Player 0 drop col 1
.......
.......
.O.....
.XX....
.OOX...
XOOOX..

[MOVE] Player 1 drop col 3
.......
.......
.O.....
.XXX...
.OOX...
XOOOX..

[MOVE] Player 0 drop col 5
.......
.......
.O.....
.XXX...
.OOX...
XOOOXO.

[MOVE] Player 1 drop col 4
.......
.......
.O.....
.XXX...
.OOXX..
XOOOXO.

[MOVE] Player 0 drop col 4
.......
.......
.O.....
.XXXO..
.OOXX..
XOOOXO.

[MOVE] Player 1 drop col 2
.......
.......
.OX....
.XXXO..
.OOXX..
XOOOXO.

[MOVE] Player 0 drop col 1
.......
.O.....
.OX....
.XXXO..
.OOXX..
XOOOXO.

[MOVE] Player 1 drop col 3
.......
.O.....
.OXX...
.XXXO..
.OOXX..
XOOOXO.

[MOVE] Player 0 drop col 3
.......
.O.O...
.OXX...
.XXXO..
.OOXX..
XOOOXO.

[MOVE] Player 1 drop col 5
.......
.O.O...
.OXX...
.XXXO..
.OOXXX.
XOOOXO.

[MOVE] Player 0 drop col 2
.......
.OOO...
.OXX...
.XXXO..
.OOXXX.
XOOOXO.

[MOVE] Player 1 drop col 0
.......
.OOO...
.OXX...
.XXXO..
XOOXXX.
XOOOXO.

[MOVE] Player 0 drop col 0
.......
.OOO...
.OXX...
OXXXO..
XOOXXX.
XOOOXO.

[MOVE] Player 1 drop col 3
...X...
.OOO...
.OXX...
OXXXO..
XOOXXX.
XOOOXO.

[MOVE] Player 0 drop col 5
...X...
.OOO...
.OXX...
OXXXOO.
XOOXXX.
XOOOXO.

[MOVE] Player 1 drop col 4
...X...
.OOO...
.OXXX..
OXXXOO.
XOOXXX.
XOOOXO.

[MOVE] Player 0 drop col 5
...X...
.OOO...
.OXXXO.
OXXXOO.
XOOXXX.
XOOOXO.

[MOVE] Player 1 drop col 4
...X...
.OOOX..
.OXXXO.
OXXXOO.
XOOXXX.
XOOOXO.

[MOVE] Player 0 drop col 4
...XO..
.OOOX..
.OXXXO.
OXXXOO.
XOOXXX.
XOOOXO.

[MOVE] Player 1 drop col 5
...XO..
.OOOXX.
.OXXXO.
OXXXOO.
XOOXXX.
XOOOXO.

[MOVE] Player 0 drop col 5
...XOO.
.OOOXX.
.OXXXO.
OXXXOO.
XOOXXX.
XOOOXO.

[MOVE] Player 1 drop col 2
..XXOO.
.OOOXX.
.OXXXO.
OXXXOO.
XOOXXX.
XOOOXO.

[MOVE] Player 0 drop col 1
.OXXOO.
.OOOXX.
.OXXXO.
OXXXOO.
XOOXXX.
XOOOXO.

[MOVE] Player 1 drop col 6
.OXXOO.
.OOOXX.
.OXXXO.
OXXXOO.
XOOXXX.
XOOOXOX

[MOVE] Player 0 drop col 6
.OXXOO.
.OOOXX.
.OXXXO.
OXXXOO.
XOOXXXO
XOOOXOX

[MOVE] Player 1 drop col 6
.OXXOO.
.OOOXX.
.OXXXO.
OXXXOOX
XOOXXXO
XOOOXOX

[MOVE] Player 0 drop col 0
.OXXOO.
.OOOXX.
OOXXXO.
OXXXOOX
XOOXXXO
XOOOXOX

[MOVE] Player 1 drop col 0
.OXXOO.
XOOOXX.
OOXXXO.
OXXXOOX
XOOXXXO
XOOOXOX

[MOVE] Player 0 drop col 6
.OXXOO.
XOOOXX.
OOXXXOO
OXXXOOX
XOOXXXO
XOOOXOX

[MOVE] Player 1 drop col 6
.OXXOO.
XOOOXXX
OOXXXOO
OXXXOOX
XOOXXXO
XOOOXOX

[MOVE] Player 0 drop col 6
.OXXOOO
XOOOXXX
OOXXXOO
OXXXOOX
XOOXXXO
XOOOXOX

[MOVE] Player 1 drop col 0
[END] Game Over! TIE
XOXXOOO
XOOOXXX
OOXXXOO
OXXXOOX
XOOXXXO
XOOOXOX
.......
.......
.......
.......
.......
.......

[EXIT] User exited
