Game started at Wed Jul  2 21:09:02 2025

Clicked: (2, 4)
op_mode: 4, goats_in_hand: 19, goats_killed: 0
Clicked: (0, 4)
op_mode: 5, goats_in_hand: 19, goats_killed: 0
Clicked: (1, 3)
op_mode: 3, goats_in_hand: 19, goats_killed: 0
Clicked: (1, 4)
op_mode: 4, goats_in_hand: 18, goats_killed: 0
Clicked: (4, 0)
op_mode: 5, goats_in_hand: 18, goats_killed: 0
Clicked: (4, 1)
op_mode: 3, goats_in_hand: 18, goats_killed: 0
Clicked: (3, 4)
op_mode: 4, goats_in_hand: 17, goats_killed: 0
Clicked: (0, 0)
op_mode: 5, goats_in_hand: 17, goats_killed: 0
Clicked: (1, 0)
op_mode: 3, goats_in_hand: 17, goats_killed: 0
Clicked: (0, 2)
op_mode: 4, goats_in_hand: 16, goats_killed: 0
Clicked: (1, 3)
op_mode: 5, goats_in_hand: 16, goats_killed: 0
Clicked: (0, 3)
op_mode: 3, goats_in_hand: 16, goats_killed: 0
Clicked: (0, 1)
op_mode: 4, goats_in_hand: 15, goats_killed: 0
Clicked: (4, 4)
op_mode: 5, goats_in_hand: 15, goats_killed: 0
Clicked: (3, 3)
op_mode: 3, goats_in_hand: 15, goats_killed: 0
Clicked: (4, 4)
op_mode: 4, goats_in_hand: 14, goats_killed: 0
Clicked: (4, 1)
op_mode: 5, goats_in_hand: 14, goats_killed: 0
Clicked: (4, 2)
op_mode: 3, goats_in_hand: 14, goats_killed: 0
Clicked: (4, 3)
op_mode: 4, goats_in_hand: 13, goats_killed: 0
Clicked: (4, 2)
op_mode: 5, goats_in_hand: 13, goats_killed: 0
Clicked: (3, 2)
op_mode: 3, goats_in_hand: 13, goats_killed: 0
Clicked: (4, 2)
op_mode: 4, goats_in_hand: 12, goats_killed: 0
Clicked: (3, 2)
op_mode: 5, goats_in_hand: 12, goats_killed: 0
Clicked: (2, 2)
op_mode: 3, goats_in_hand: 12, goats_killed: 0
Clicked: (4, 1)
op_mode: 4, goats_in_hand: 11, goats_killed: 0
Clicked: (1, 0)
op_mode: 5, goats_in_hand: 11, goats_killed: 0
Clicked: (2, 0)
op_mode: 3, goats_in_hand: 11, goats_killed: 0
Clicked: (4, 0)
op_mode: 4, goats_in_hand: 10, goats_killed: 0
Clicked: (0, 3)
op_mode: 5, goats_in_hand: 10, goats_killed: 0
Clicked: (1, 3)
op_mode: 3, goats_in_hand: 10, goats_killed: 0
Clicked: (0, 3)
op_mode: 4, goats_in_hand: 9, goats_killed: 0
Clicked: (1, 3)
op_mode: 5, goats_in_hand: 9, goats_killed: 0
Clicked: (0, 4)
op_mode: 3, goats_in_hand: 9, goats_killed: 0
Clicked: (1, 3)
op_mode: 4, goats_in_hand: 8, goats_killed: 0
Clicked: (2, 2)
op_mode: 5, goats_in_hand: 8, goats_killed: 0
Clicked: (2, 0)
op_mode: 5, goats_in_hand: 8, goats_killed: 0
Clicked: (1, 0)
op_mode: 3, goats_in_hand: 8, goats_killed: 0
Clicked: (3, 0)
op_mode: 4, goats_in_hand: 7, goats_killed: 0
Clicked: (2, 2)
op_mode: 5, goats_in_hand: 7, goats_killed: 0
Clicked: (3, 1)
op_mode: 3, goats_in_hand: 7, goats_killed: 0
Clicked: (2, 2)
op_mode: 4, goats_in_hand: 6, goats_killed: 0
Clicked: (3, 3)
op_mode: 5, goats_in_hand: 6, goats_killed: 0
Clicked: (1, 1)
op_mode: 3, goats_in_hand: 6, goats_killed: 1
Clicked: (0, 0)
op_mode: 4, goats_in_hand: 5, goats_killed: 1
Clicked: (1, 0)
op_mode: 5, goats_in_hand: 5, goats_killed: 1
Clicked: (3, 1)
op_mode: 5, goats_in_hand: 5, goats_killed: 1
Clicked: (0, 4)
op_mode: 5, goats_in_hand: 5, goats_killed: 1
Clicked: (2, 2)
op_mode: 3, goats_in_hand: 5, goats_killed: 2
Clicked: (0, 4)
op_mode: 4, goats_in_hand: 4, goats_killed: 2
Clicked: (3, 1)
op_mode: 5, goats_in_hand: 4, goats_killed: 2
Clicked: (2, 0)
op_mode: 3, goats_in_hand: 4, goats_killed: 2
Clicked: (3, 1)
op_mode: 4, goats_in_hand: 3, goats_killed: 2
Clicked: (2, 2)
op_mode: 5, goats_in_hand: 3, goats_killed: 2
Clicked: (3, 3)
op_mode: 3, goats_in_hand: 3, goats_killed: 2
Clicked: (3, 2)
op_mode: 4, goats_in_hand: 2, goats_killed: 2
Clicked: (1, 1)
op_mode: 5, goats_in_hand: 2, goats_killed: 2
Clicked: (1, 2)
op_mode: 3, goats_in_hand: 2, goats_killed: 2
Clicked: (2, 1)
op_mode: 4, goats_in_hand: 1, goats_killed: 2
Clicked: (2, 0)
op_mode: 5, goats_in_hand: 1, goats_killed: 2
Clicked: (2, 2)
op_mode: 3, goats_in_hand: 1, goats_killed: 3
Clicked: (2, 0)
op_mode: 4, goats_in_hand: 0, goats_killed: 3
Clicked: (2, 2)
op_mode: 5, goats_in_hand: 0, goats_killed: 3
Clicked: (2, 3)
op_mode: 1, goats_in_hand: 0, goats_killed: 3
Clicked: (0, 4)
op_mode: 2, goats_in_hand: 0, goats_killed: 3
Clicked: (1, 3)
op_mode: 4, goats_in_hand: 0, goats_killed: 3
Clicked: (1, 2)
op_mode: 5, goats_in_hand: 0, goats_killed: 3
Clicked: (2, 2)
op_mode: 1, goats_in_hand: 0, goats_killed: 3
Clicked: (1, 4)
op_mode: 2, goats_in_hand: 0, goats_killed: 3
Clicked: (0, 4)
op_mode: 4, goats_in_hand: 0, goats_killed: 3
Clicked: (2, 3)
op_mode: 5, goats_in_hand: 0, goats_killed: 3
Clicked: (2, 2)
op_mode: 5, goats_in_hand: 0, goats_killed: 3
Clicked: (1, 2)
op_mode: 1, goats_in_hand: 0, goats_killed: 3
Clicked: (2, 4)
op_mode: 2, goats_in_hand: 0, goats_killed: 3
Clicked: (1, 4)
op_mode: 4, goats_in_hand: 0, goats_killed: 3
Clicked: (2, 3)
op_mode: 5, goats_in_hand: 0, goats_killed: 3
Clicked: (3, 3)
op_mode: 5, goats_in_hand: 0, goats_killed: 3
Clicked: (2, 4)
op_mode: 1, goats_in_hand: 0, goats_killed: 3
Clicked: (3, 2)
op_mode: 2, goats_in_hand: 0, goats_killed: 3
Clicked: (3, 3)
op_mode: 4, goats_in_hand: 0, goats_killed: 3
Clicked: (1, 2)
op_mode: 5, goats_in_hand: 0, goats_killed: 3
Clicked: (2, 2)
op_mode: 1, goats_in_hand: 0, goats_killed: 3
Clicked: (3, 1)
op_mode: 2, goats_in_hand: 0, goats_killed: 3
Clicked: (3, 2)
op_mode: 4, goats_in_hand: 0, goats_killed: 3
Clicked: (1, 0)
op_mode: 5, goats_in_hand: 0, goats_killed: 3
Clicked: (1, 1)
op_mode: 1, goats_in_hand: 0, goats_killed: 3
Clicked: (4, 1)
op_mode: 2, goats_in_hand: 0, goats_killed: 3
Clicked: (3, 1)
op_mode: 4, goats_in_hand: 0, goats_killed: 3
Clicked: (1, 1)
op_mode: 5, goats_in_hand: 0, goats_killed: 3
Clicked: (1, 2)
op_mode: 1, goats_in_hand: 0, goats_killed: 3
Clicked: (3, 1)
op_mode: 2, goats_in_hand: 0, goats_killed: 3
Clicked: (2, 1)
op_mode: 4, goats_in_hand: 0, goats_killed: 3
Clicked: (1, 2)
op_mode: 5, goats_in_hand: 0, goats_killed: 3
Clicked: (1, 1)
op_mode: 1, goats_in_hand: 0, goats_killed: 3
Clicked: (3, 0)
op_mode: 2, goats_in_hand: 0, goats_killed: 3
Clicked: (3, 1)
op_mode: 4, goats_in_hand: 0, goats_killed: 3
Clicked: (1, 1)
op_mode: 5, goats_in_hand: 0, goats_killed: 3
Clicked: (1, 0)
op_mode: 1, goats_in_hand: 0, goats_killed: 3
Clicked: (3, 1)
op_mode: 2, goats_in_hand: 0, goats_killed: 3
Clicked: (0, 1)
op_mode: 2, goats_in_hand: 0, goats_killed: 3
Clicked: (0, 0)
op_mode: 2, goats_in_hand: 0, goats_killed: 3
Clicked: (0, 2)
op_mode: 2, goats_in_hand: 0, goats_killed: 3
Clicked: (0, 1)
op_mode: 2, goats_in_hand: 0, goats_killed: 3
Clicked: (1, 1)
op_mode: 4, goats_in_hand: 0, goats_killed: 3
Clicked: (1, 0)
op_mode: 5, goats_in_hand: 0, goats_killed: 3
Clicked: (1, 2)
op_mode: 1, goats_in_hand: 0, goats_killed: 4
Clicked: (2, 1)
op_mode: 2, goats_in_hand: 0, goats_killed: 4
Clicked: (1, 1)
op_mode: 4, goats_in_hand: 0, goats_killed: 4
Clicked: (1, 2)
op_mode: 5, goats_in_hand: 0, goats_killed: 4
Clicked: (1, 0)
GAME OVER. Winner: TIGER
op_mode: 1, goats_in_hand: 0, goats_killed: 5
Game ended.
