Game started at Wed Jul  2 21:57:57 2025

[BLACK] Click (0, 2)
Board:
B W B W B W 
W B W B W B 
B W . . B W 
W B W B W B 
B W B W B W 
W B W B W B 
[BLACK] Click (2, 2)
Board:
B W B W B W 
W B W B W B 
B W . . B W 
W B W B W B 
B W B W B W 
W B W B W B 
[WHITE] Click (1, 4)
Board:
B W . W B W 
W B . B W B 
B W B . B W 
W B W B W B 
B W B W B W 
W B W B W B 
[WHITE] Click (1, 2)
Board:
B W . W B W 
W B . B W B 
B W B . B W 
W B W B W B 
B W B W B W 
W B W B W B 
[BLACK] Click (2, 2)
Board:
B W . W B W 
W B W . . B 
B W B . B W 
W B W B W B 
B W B W B W 
W B W B W B 
[BLACK] Click (0, 2)
Board:
B W . W B W 
W B W . . B 
B W B . B W 
W B W B W B 
B W B W B W 
W B W B W B 
[WHITE] Click (2, 5)
Board:
B W B W B W 
W B . . . B 
B W . . B W 
W B W B W B 
B W B W B W 
W B W B W B 
[WHITE] Click (2, 3)
Board:
B W B W B W 
W B . . . B 
B W . . B W 
W B W B W B 
B W B W B W 
W B W B W B 
[BLACK] Click (4, 4)
Board:
B W B W B W 
W B . . . B 
B W . W . . 
W B W B W B 
B W B W B W 
W B W B W B 
[BLACK] Click (2, 4)
Board:
B W B W B W 
W B . . . B 
B W . W . . 
W B W B W B 
B W B W B W 
W B W B W B 
[WHITE] Click (4, 5)
Board:
B W B W B W 
W B . . . B 
B W . W B . 
W B W B . B 
B W B W . W 
W B W B W B 
[WHITE] Click (2, 5)
Board:
B W B W B W 
W B . . . B 
B W . W B . 
W B W B . B 
B W B W . W 
W B W B W B 
[BLACK] Click (4, 2)
Board:
B W B W B W 
W B . . . B 
B W . W B W 
W B W B . . 
B W B W . . 
W B W B W B 
[BLACK] Click (2, 2)
Board:
B W B W B W 
W B . . . B 
B W . W B W 
W B W B . . 
B W B W . . 
W B W B W B 
[WHITE] Click (1, 0)
Board:
B W B W B W 
W B . . . B 
B W B W B W 
W B . B . . 
B W . W . . 
W B W B W B 
[WHITE] Click (1, 2)
Board:
B W B W B W 
W B . . . B 
B W B W B W 
W B . B . . 
B W . W . . 
W B W B W B 
[BLACK] Click (3, 3)
Board:
B W B W B W 
. . W . . B 
B W B W B W 
W B . B . . 
B W . W . . 
W B W B W B 
[BLACK] Click (1, 3)
Board:
B W B W B W 
. . W . . B 
B W B W B W 
W B . B . . 
B W . W . . 
W B W B W B 
[WHITE] Click (2, 5)
Board:
B W B W B W 
. . W B . B 
B W B . B W 
W B . . . . 
B W . W . . 
W B W B W B 
[WHITE] Click (2, 3)
Board:
B W B W B W 
. . W B . B 
B W B . B W 
W B . . . . 
B W . W . . 
W B W B W B 
[BLACK] Click (4, 0)
Board:
B W B W B W 
. . W B . B 
B W B W . . 
W B . . . . 
B W . W . . 
W B W B W B 
[BLACK] Click (4, 2)
Board:
B W B W B W 
. . W B . B 
B W B W . . 
W B . . . . 
B W . W . . 
W B W B W B 
[BLACK] Click (4, 4)
Board:
B W B W B W 
. . W B . B 
B W B W . . 
W B . . . . 
. . B W . . 
W B W B W B 
[WHITE] Click (5, 4)
Board:
B W B W B W 
. . W B . B 
B W B W . . 
W B . . . . 
. . . . B . 
W B W B W B 
[WHITE] Click (3, 4)
Board:
B W B W B W 
. . W B . B 
B W B W . . 
W B . . . . 
. . . . B . 
W B W B W B 
[BLACK] Click (1, 3)
Board:
B W B W B W 
. . W B . B 
B W B W . . 
W B . . W . 
. . . . . . 
W B W B . B 
[BLACK] Click (1, 1)
Board:
B W B W B W 
. . W B . B 
B W B W . . 
W B . . W . 
. . . . . . 
W B W B . B 
[WHITE] Click (3, 0)
Board:
B W B W B W 
. B . . . B 
B W B W . . 
W B . . W . 
. . . . . . 
W B W B . B 
[WHITE] Click (1, 0)
Board:
B W B W B W 
. B . . . B 
B W B W . . 
W B . . W . 
. . . . . . 
W B W B . B 
[BLACK] Click (2, 2)
Board:
B W B W B W 
W B . . . B 
. W B W . . 
. B . . W . 
. . . . . . 
W B W B . B 
[BLACK] Click (2, 0)
Board:
B W B W B W 
W B . . . B 
. W B W . . 
. B . . W . 
. . . . . . 
W B W B . B 
[WHITE] Click (0, 1)
Board:
B W B W B W 
W B . . . B 
B . . W . . 
. B . . W . 
. . . . . . 
W B W B . B 
[WHITE] Click (2, 1)
Board:
B W B W B W 
W B . . . B 
B . . W . . 
. B . . W . 
. . . . . . 
W B W B . B 
[WHITE] Click (4, 1)
Board:
B . B W B W 
W . . . . B 
B W . W . . 
. B . . W . 
. . . . . . 
W B W B . B 
[BLACK] Click (5, 1)
Board:
B . B W B W 
W . . . . B 
B . . W . . 
. . . . W . 
. W . . . . 
W B W B . B 
[BLACK] Click (3, 1)
Board:
B . B W B W 
W . . . . B 
B . . W . . 
. . . . W . 
. W . . . . 
W B W B . B 
[WHITE] Click (5, 2)
Board:
B . B W B W 
W . . . . B 
B . . W . . 
. B . . W . 
. . . . . . 
W . W B . B 
[WHITE] Click (5, 4)
Board:
B . B W B W 
W . . . . B 
B . . W . . 
. B . . W . 
. . . . . . 
W . W B . B 
[BLACK] Click (5, 5)
Board:
B . B W B W 
W . . . . B 
B . . W . . 
. B . . W . 
. . . . . . 
W . . . W B 
[BLACK] Click (5, 3)
Board:
B . B W B W 
W . . . . B 
B . . W . . 
. B . . W . 
. . . . . . 
W . . . W B 
[WHITE] Click (0, 5)
Board:
B . B W B W 
W . . . . B 
B . . W . . 
. B . . W . 
. . . . . . 
W . . B . . 
[WHITE] Click (2, 5)
Board:
B . B W B W 
W . . . . B 
B . . W . . 
. B . . W . 
. . . . . . 
W . . B . . 
