Game started at Wed Jul  2 22:02:02 2025

[BLACK] Click (4, 2)
Board:
B W B W B W 
W B W B W B 
B W . . B W 
W B W B W B 
B W B W B W 
W B W B W B 
[BLACK] Click (2, 2)
Board:
B W B W B W 
W B W B W B 
B W . . B W 
W B W B W B 
B W B W B W 
W B W B W B 
[WHITE] Click (4, 3)
Board:
B W B W B W 
W B W B W B 
B W B . B W 
W B . B W B 
B W . W B W 
W B W B W B 
[WHITE] Click (2, 3)
Board:
B W B W B W 
W B W B W B 
B W B . B W 
W B . B W B 
B W . W B W 
W B W B W B 
[BLACK] Click (4, 0)
Board:
B W B W B W 
W B W B W B 
B W B W B W 
W B . . W B 
B W . . B W 
W B W B W B 
[BLACK] Click (4, 2)
Board:
B W B W B W 
W B W B W B 
B W B W B W 
W B . . W B 
B W . . B W 
W B W B W B 
[WHITE] Click (5, 2)
Board:
B W B W B W 
W B W B W B 
B W B W B W 
W B . . W B 
. . B . B W 
W B W B W B 
[WHITE] Click (3, 2)
Board:
B W B W B W 
W B W B W B 
B W B W B W 
W B . . W B 
. . B . B W 
W B W B W B 
[BLACK] Click (3, 5)
Board:
B W B W B W 
W B W B W B 
B W B W B W 
W B W . W B 
. . . . B W 
W B . B W B 
[BLACK] Click (3, 3)
Board:
B W B W B W 
W B W B W B 
B W B W B W 
W B W . W B 
. . . . B W 
W B . B W B 
[WHITE] Click (5, 4)
Board:
B W B W B W 
W B W B W B 
B W B W B W 
W B W B . . 
. . . . B W 
W B . B W B 
[WHITE] Click (3, 4)
Board:
B W B W B W 
W B W B W B 
B W B W B W 
W B W B . . 
. . . . B W 
W B . B W B 
[BLACK] Click (5, 5)
Board:
B W B W B W 
W B W B W B 
B W B W B W 
W B W B W . 
. . . . . W 
W B . B . B 
[BLACK] Click (3, 5)
Board:
B W B W B W 
W B W B W B 
B W B W B W 
W B W B W . 
. . . . . W 
W B . B . B 
[WHITE] Click (5, 0)
Board:
B W B W B W 
W B W B W B 
B W B W B W 
W B W B W B 
. . . . . . 
W B . B . . 
[WHITE] Click (5, 2)
Board:
B W B W B W 
W B W B W B 
B W B W B W 
W B W B W B 
. . . . . . 
W B . B . . 
[WHITE] Click (5, 4)
Board:
B W B W B W 
W B W B W B 
B W B W B W 
W B W B W B 
. . . . . . 
. . W B . . 
[BLACK] Click (2, 0)
Board:
B W B W B W 
W B W B W B 
B W B W B W 
W B W B W B 
. . . . . . 
. . . . W . 
[BLACK] Click (4, 0)
Board:
B W B W B W 
W B W B W B 
B W B W B W 
W B W B W B 
. . . . . . 
. . . . W . 
[WHITE] Click (3, 2)
Board:
B W B W B W 
W B W B W B 
. W B W B W 
. B W B W B 
B . . . . . 
. . . . W . 
[WHITE] Click (3, 0)
Board:
B W B W B W 
W B W B W B 
. W B W B W 
. B W B W B 
B . . . . . 
. . . . W . 
[BLACK] Click (2, 2)
Board:
B W B W B W 
W B W B W B 
. W B W B W 
W . . B W B 
B . . . . . 
. . . . W . 
[BLACK] Click (2, 0)
Board:
B W B W B W 
W B W B W B 
. W B W B W 
W . . B W B 
B . . . . . 
. . . . W . 
[WHITE] Click (0, 1)
Board:
B W B W B W 
W B W B W B 
B . . W B W 
W . . B W B 
B . . . . . 
. . . . W . 
[WHITE] Click (2, 1)
Board:
B W B W B W 
W B W B W B 
B . . W B W 
W . . B W B 
B . . . . . 
. . . . W . 
[BLACK] Click (0, 2)
Board:
B . B W B W 
W . W B W B 
B W . W B W 
W . . B W B 
B . . . . . 
. . . . W . 
[BLACK] Click (2, 2)
Board:
B . B W B W 
W . W B W B 
B W . W B W 
W . . B W B 
B . . . . . 
. . . . W . 
[WHITE] Click (3, 0)
Board:
B . . W B W 
W . . B W B 
B W B W B W 
W . . B W B 
B . . . . . 
. . . . W . 
[WHITE] Click (5, 0)
Board:
B . . W B W 
W . . B W B 
B W B W B W 
W . . B W B 
B . . . . . 
. . . . W . 
[BLACK] Click (0, 4)
Board:
B . . W B W 
W . . B W B 
B W B W B W 
. . . B W B 
. . . . . . 
W . . . W . 
[BLACK] Click (0, 2)
Board:
B . . W B W 
W . . B W B 
B W B W B W 
. . . B W B 
. . . . . . 
W . . . W . 
[WHITE] Click (1, 0)
Board:
B . B . . W 
W . . B W B 
B W B W B W 
. . . B W B 
. . . . . . 
W . . . W . 
[WHITE] Click (3, 0)
Board:
B . B . . W 
W . . B W B 
B W B W B W 
. . . B W B 
. . . . . . 
W . . . W . 
[BLACK] Click (2, 2)
Board:
B . B . . W 
. . . B W B 
. W B W B W 
W . . B W B 
. . . . . . 
W . . . W . 
[BLACK] Click (2, 0)
Board:
B . B . . W 
. . . B W B 
. W B W B W 
W . . B W B 
. . . . . . 
W . . . W . 
[WHITE] Click (3, 0)
Board:
B . B . . W 
. . . B W B 
B . . W B W 
W . . B W B 
. . . . . . 
W . . . W . 
[WHITE] Click (1, 0)
Board:
B . B . . W 
. . . B W B 
B . . W B W 
W . . B W B 
. . . . . . 
W . . . W . 
[BLACK] Click (0, 0)
Board:
B . B . . W 
W . . B W B 
. . . W B W 
. . . B W B 
. . . . . . 
W . . . W . 
[BLACK] Click (2, 0)
Board:
B . B . . W 
W . . B W B 
. . . W B W 
. . . B W B 
. . . . . . 
W . . . W . 
[WHITE] Click (2, 3)
Board:
. . B . . W 
. . . B W B 
B . . W B W 
. . . B W B 
. . . . . . 
W . . . W . 
[WHITE] Click (0, 3)
Board:
. . B . . W 
. . . B W B 
B . . W B W 
. . . B W B 
. . . . . . 
W . . . W . 
[BLACK] Click (0, 2)
Board:
. . B W . W 
. . . . W B 
B . . . B W 
. . . B W B 
. . . . . . 
W . . . W . 
[BLACK] Click (0, 4)
Board:
. . B W . W 
. . . . W B 
B . . . B W 
. . . B W B 
. . . . . . 
W . . . W . 
[WHITE] Click (0, 5)
Board:
. . . . B W 
. . . . W B 
B . . . B W 
. . . B W B 
. . . . . . 
W . . . W . 
[WHITE] Click (0, 3)
Board:
. . . . B W 
. . . . W B 
B . . . B W 
. . . B W B 
. . . . . . 
W . . . W . 
[BLACK] Click (1, 5)
Board:
. . . W . . 
. . . . W B 
B . . . B W 
. . . B W B 
. . . . . . 
W . . . W . 
[BLACK] Click (1, 3)
Board:
. . . W . . 
. . . . W B 
B . . . B W 
. . . B W B 
. . . . . . 
W . . . W . 
[WHITE] Click (0, 3)
Board:
. . . W . . 
. . . B . . 
B . . . B W 
. . . B W B 
. . . . . . 
W . . . W . 
[WHITE] Click (2, 3)
Board:
. . . W . . 
. . . B . . 
B . . . B W 
. . . B W B 
. . . . . . 
W . . . W . 
[WHITE] Click (4, 3)
Board:
. . . . . . 
. . . . . . 
B . . W B W 
. . . B W B 
. . . . . . 
W . . . W . 
[BLACK] Click (3, 5)
Board:
. . . . . . 
. . . . . . 
B . . . B W 
. . . . W B 
. . . W . . 
W . . . W . 
[BLACK] Click (1, 5)
Board:
. . . . . . 
. . . . . . 
B . . . B W 
. . . . W B 
. . . W . . 
W . . . W . 
[WHITE] Click (3, 4)
Board:
. . . . . . 
. . . . . B 
B . . . B . 
. . . . W . 
. . . W . . 
W . . . W . 
[WHITE] Click (1, 4)
Board:
. . . . . . 
. . . . . B 
B . . . B . 
. . . . W . 
. . . W . . 
W . . . W . 
[BLACK] Click (1, 5)
Board:
. . . . . . 
. . . . W B 
B . . . . . 
. . . . . . 
. . . W . . 
W . . . W . 
[BLACK] Click (1, 3)
Board:
. . . . . . 
. . . . W B 
B . . . . . 
. . . . . . 
. . . W . . 
W . . . W . 
