Game started at Wed Jul  2 20:59:21 2025

[MOVE] Player 0 drop col 3
.......
.......
.......
.......
.......
...O...

[MOVE] Player 1 drop col 3
.......
.......
.......
.......
...X...
...O...

[MOVE] Player 0 drop col 2
.......
.......
.......
.......
...X...
..OO...

[MOVE] Player 1 drop col 4
.......
.......
.......
.......
...X...
..OOX..

[MOVE] Player 0 drop col 2
.......
.......
.......
.......
..OX...
..OOX..

[MOVE] Player 1 drop col 1
.......
.......
.......
.......
..OX...
.XOOX..

[MOVE] Player 0 drop col 1
.......
.......
.......
.......
.OOX...
.XOOX..

[MOVE] Player 1 drop col 4
.......
.......
.......
.......
.OOXX..
.XOOX..

[MOVE] Player 0 drop col 2
.......
.......
.......
..O....
.OOXX..
.XOOX..

[MOVE] Player 1 drop col 2
.......
.......
..X....
..O....
.OOXX..
.XOOX..

[MOVE] Player 0 drop col 1
.......
.......
..X....
.OO....
.OOXX..
.XOOX..

[MOVE] Player 1 drop col 4
.......
.......
..X....
.OO.X..
.OOXX..
.XOOX..

[MOVE] Player 0 drop col 4
.......
.......
..X.O..
.OO.X..
.OOXX..
.XOOX..

[MOVE] Player 1 drop col 3
.......
.......
..X.O..
.OOXX..
.OOXX..
.XOOX..

[MOVE] Player 0 drop col 5
.......
.......
..X.O..
.OOXX..
.OOXX..
.XOOXO.

[MOVE] Player 1 drop col 3
.......
.......
..XXO..
.OOXX..
.OOXX..
.XOOXO.

[MOVE] Player 0 drop col 3
.......
...O...
..XXO..
.OOXX..
.OOXX..
.XOOXO.

[MOVE] Player 1 drop col 5
.......
...O...
..XXO..
.OOXX..
.OOXXX.
.XOOXO.

[MOVE] Player 0 drop col 1
.......
...O...
.OXXO..
.OOXX..
.OOXXX.
.XOOXO.

[MOVE] Player 1 drop col 1
[END] Game Over! Winner: Player 1
.......
.X.O...
.OXXO..
.OOXX..
.OOXXX.
.XOOXO.
.......
.......
.......
.......
.......
.......

[EXIT] User exited
