Game started at Wed Jul  2 04:07:24 2025

[MOVE] Player 0 drop col 3
.......
.......
.......
.......
.......
...O...

[MOVE] Player 1 drop col 2
.......
.......
.......
.......
.......
..XO...

[MOVE] Player 0 drop col 3
.......
.......
.......
.......
...O...
..XO...

[MOVE] Player 1 drop col 4
.......
.......
.......
.......
...O...
..XOX..

[MOVE] Player 0 drop col 3
.......
.......
.......
...O...
...O...
..XOX..

[MOVE] Player 1 drop col 3
.......
.......
...X...
...O...
...O...
..XOX..

[MOVE] Player 0 drop col 4
.......
.......
...X...
...O...
...OO..
..XOX..

[MOVE] Player 1 drop col 5
.......
.......
...X...
...O...
...OO..
..XOXX.

[MOVE] Player 0 drop col 2
.......
.......
...X...
...O...
..OOO..
..XOXX.

[MOVE] Player 1 drop col 5
.......
.......
...X...
...O...
..OOOX.
..XOXX.

[MOVE] Player 0 drop col 1
.......
.......
...X...
...O...
..OOOX.
.OXOXX.

[MOVE] Player 1 drop col 1
.......
.......
...X...
...O...
.XOOOX.
.OXOXX.

[MOVE] Player 0 drop col 2
.......
.......
...X...
..OO...
.XOOOX.
.OXOXX.

[MOVE] Player 1 drop col 4
.......
.......
...X...
..OOX..
.XOOOX.
.OXOXX.

[MOVE] Player 0 drop col 6
.......
.......
...X...
..OOX..
.XOOOX.
.OXOXXO

[MOVE] Player 1 drop col 5
.......
.......
...X...
..OOXX.
.XOOOX.
.OXOXXO

[MOVE] Player 0 drop col 4
[END] Game Over! Winner: Player 0
.......
.......
...XO..
..OOXX.
.XOOOX.
.OXOXXO
.......
.......
.......
.......
.......
.......

[EXIT] User exited
