Game started at Wed Jul  2 00:16:39 2025

[MOVE] Player 0 drop col 0
.......
.......
.......
.......
.......
O......

[MOVE] Player 1 drop col 0
.......
.......
.......
.......
X......
O......

[MOVE] Player 0 drop col 0
.......
.......
.......
O......
X......
O......

[MOVE] Player 1 drop col 0
.......
.......
X......
O......
X......
O......

[MOVE] Player 0 drop col 0
.......
O......
X......
O......
X......
O......

[MOVE] Player 1 drop col 0
X......
O......
X......
O......
X......
O......

[MOVE] Player 0 drop col 0
X......
O......
X......
O......
X......
O......

[MOVE] Player 0 drop col 1
X......
O......
X......
O......
X......
OO.....

[MOVE] Player 1 drop col 1
X......
O......
X......
O......
XX.....
OO.....

[MOVE] Player 0 drop col 1
X......
O......
X......
OO.....
XX.....
OO.....

[MOVE] Player 1 drop col 1
X......
O......
XX.....
OO.....
XX.....
OO.....

[MOVE] Player 0 drop col 1
X......
OO.....
XX.....
OO.....
XX.....
OO.....

[MOVE] Player 1 drop col 1
XX.....
OO.....
XX.....
OO.....
XX.....
OO.....

[MOVE] Player 0 drop col 1
XX.....
OO.....
XX.....
OO.....
XX.....
OO.....

[MOVE] Player 0 drop col 2
XX.....
OO.....
XX.....
OO.....
XX.....
OOO....

[MOVE] Player 1 drop col 2
XX.....
OO.....
XX.....
OO.....
XXX....
OOO....

[MOVE] Player 0 drop col 2
XX.....
OO.....
XX.....
OOO....
XXX....
OOO....

[MOVE] Player 1 drop col 2
XX.....
OO.....
XXX....
OOO....
XXX....
OOO....

[MOVE] Player 0 drop col 2
XX.....
OOO....
XXX....
OOO....
XXX....
OOO....

[MOVE] Player 1 drop col 2
XXX....
OOO....
XXX....
OOO....
XXX....
OOO....

[MOVE] Player 0 drop col 3
[END] Game Over! Winner: Player 0
XXX....
OOO....
XXX....
OOO....
XXX....
OOOO...
.......
.......
.......
.......
.......
.......

[EXIT] User exited
