Game started at Wed Jul  2 20:55:34 2025

[MOVE] Player 0 drop col 2
.......
.......
.......
.......
.......
..O....

[MOVE] Player 1 drop col 3
.......
.......
.......
.......
.......
..OX...

[MOVE] Player 0 drop col 4
.......
.......
.......
.......
.......
..OXO..

[MOVE] Player 1 drop col 3
.......
.......
.......
.......
...X...
..OXO..

[MOVE] Player 0 drop col 2
.......
.......
.......
.......
..OX...
..OXO..

[MOVE] Player 1 drop col 3
.......
.......
.......
...X...
..OX...
..OXO..

[MOVE] Player 0 drop col 2
.......
.......
.......
..OX...
..OX...
..OXO..

[MOVE] Player 1 drop col 3
[END] Game Over! Winner: Player 1
.......
.......
...X...
..OX...
..OX...
..OXO..
.......
.......
.......
.......
.......
.......

[EXIT] User exited
