Game started at Wed Jul  2 04:08:19 2025

[MOVE] Player 0 drop col 2
.......
.......
.......
.......
.......
..O....

[MOVE] Player 1 drop col 3
.......
.......
.......
.......
.......
..OX...

[MOVE] Player 0 drop col 6
.......
.......
.......
.......
.......
..OX..O

[MOVE] Player 1 drop col 4
.......
.......
.......
.......
.......
..OXX.O

[MOVE] Player 0 drop col 5
.......
.......
.......
.......
.......
..OXXOO

[MOVE] Player 1 drop col 4
.......
.......
.......
.......
....X..
..OXXOO

[MOVE] Player 0 drop col 3
.......
.......
.......
.......
...OX..
..OXXOO

[MOVE] Player 1 drop col 4
.......
.......
.......
....X..
...OX..
..OXXOO

[MOVE] Player 0 drop col 4
.......
.......
....O..
....X..
...OX..
..OXXOO

[MOVE] Player 1 drop col 5
.......
.......
....O..
....X..
...OXX.
..OXXOO

[MOVE] Player 0 drop col 3
.......
.......
....O..
...OX..
...OXX.
..OXXOO

[MOVE] Player 1 drop col 6
.......
.......
....O..
...OX..
...OXXX
..OXXOO

[MOVE] Player 0 drop col 3
.......
.......
...OO..
...OX..
...OXXX
..OXXOO

[MOVE] Player 1 drop col 3
.......
...X...
...OO..
...OX..
...OXXX
..OXXOO

[MOVE] Player 0 drop col 2
.......
...X...
...OO..
...OX..
..OOXXX
..OXXOO

[MOVE] Player 1 drop col 1
.......
...X...
...OO..
...OX..
..OOXXX
.XOXXOO

[MOVE] Player 0 drop col 1
.......
...X...
...OO..
...OX..
.OOOXXX
.XOXXOO

[MOVE] Player 1 drop col 2
.......
...X...
...OO..
..XOX..
.OOOXXX
.XOXXOO

[MOVE] Player 0 drop col 0
.......
...X...
...OO..
..XOX..
.OOOXXX
OXOXXOO

[MOVE] Player 1 drop col 0
.......
...X...
...OO..
..XOX..
XOOOXXX
OXOXXOO

[MOVE] Player 0 drop col 5
.......
...X...
...OO..
..XOXO.
XOOOXXX
OXOXXOO

[MOVE] Player 1 drop col 2
.......
...X...
..XOO..
..XOXO.
XOOOXXX
OXOXXOO

[MOVE] Player 0 drop col 5
.......
...X...
..XOOO.
..XOXO.
XOOOXXX
OXOXXOO

[MOVE] Player 1 drop col 1
[END] Game Over! Winner: Player 1
.......
...X...
..XOOO.
.XXOXO.
XOOOXXX
OXOXXOO
.......
.......
.......
.......
.......
.......

[EXIT] User exited
