Game started at Wed Jul  2 01:28:41 2025

[MOVE] Player 0 drop col 0
.......
.......
.......
.......
.......
O......

[MOVE] Player 1 drop col 1
.......
.......
.......
.......
.......
OX.....

[MOVE] Player 0 drop col 0
.......
.......
.......
.......
O......
OX.....

[MOVE] Player 1 drop col 1
.......
.......
.......
.......
OX.....
OX.....

[MOVE] Player 0 drop col 0
.......
.......
.......
O......
OX.....
OX.....

[MOVE] Player 1 drop col 1
.......
.......
.......
OX.....
OX.....
OX.....

[MOVE] Player 0 drop col 2
.......
.......
.......
OX.....
OX.....
OXO....

[MOVE] Player 1 drop col 3
.......
.......
.......
OX.....
OX.....
OXOX...

[MOVE] Player 0 drop col 2
.......
.......
.......
OX.....
OXO....
OXOX...

[MOVE] Player 1 drop col 3
.......
.......
.......
OX.....
OXOX...
OXOX...

[MOVE] Player 0 drop col 2
.......
.......
.......
OXO....
OXOX...
OXOX...

[MOVE] Player 1 drop col 3
.......
.......
.......
OXOX...
OXOX...
OXOX...

[MOVE] Player 0 drop col 4
.......
.......
.......
OXOX...
OXOX...
OXOXO..

[MOVE] Player 1 drop col 5
.......
.......
.......
OXOX...
OXOX...
OXOXOX.

[MOVE] Player 0 drop col 4
.......
.......
.......
OXOX...
OXOXO..
OXOXOX.

[MOVE] Player 1 drop col 5
.......
.......
.......
OXOX...
OXOXOX.
OXOXOX.

[MOVE] Player 0 drop col 4
.......
.......
.......
OXOXO..
OXOXOX.
OXOXOX.

[MOVE] Player 1 drop col 5
.......
.......
.......
OXOXOX.
OXOXOX.
OXOXOX.

[MOVE] Player 0 drop col 6
.......
.......
.......
OXOXOX.
OXOXOX.
OXOXOXO

[MOVE] Player 1 drop col 4
.......
.......
....X..
OXOXOX.
OXOXOX.
OXOXOXO

[MOVE] Player 0 drop col 6
.......
.......
....X..
OXOXOX.
OXOXOXO
OXOXOXO

[MOVE] Player 1 drop col 4
.......
....X..
....X..
OXOXOX.
OXOXOXO
OXOXOXO

[MOVE] Player 0 drop col 6
.......
....X..
....X..
OXOXOXO
OXOXOXO
OXOXOXO

[MOVE] Player 1 drop col 4
....X..
....X..
....X..
OXOXOXO
OXOXOXO
OXOXOXO

[MOVE] Player 0 drop col 5
....X..
....X..
....XO.
OXOXOXO
OXOXOXO
OXOXOXO

[MOVE] Player 1 drop col 6
....X..
....X..
....XOX
OXOXOXO
OXOXOXO
OXOXOXO

[MOVE] Player 0 drop col 5
....X..
....XO.
....XOX
OXOXOXO
OXOXOXO
OXOXOXO

[MOVE] Player 1 drop col 6
....X..
....XOX
....XOX
OXOXOXO
OXOXOXO
OXOXOXO

[MOVE] Player 0 drop col 5
....XO.
....XOX
....XOX
OXOXOXO
OXOXOXO
OXOXOXO

[MOVE] Player 1 drop col 6
....XOX
....XOX
....XOX
OXOXOXO
OXOXOXO
OXOXOXO

[MOVE] Player 0 drop col 3
....XOX
....XOX
...OXOX
OXOXOXO
OXOXOXO
OXOXOXO

[MOVE] Player 1 drop col 2
....XOX
....XOX
..XOXOX
OXOXOXO
OXOXOXO
OXOXOXO

[MOVE] Player 0 drop col 3
....XOX
...OXOX
..XOXOX
OXOXOXO
OXOXOXO
OXOXOXO

[MOVE] Player 1 drop col 2
....XOX
..XOXOX
..XOXOX
OXOXOXO
OXOXOXO
OXOXOXO

[MOVE] Player 0 drop col 3
...OXOX
..XOXOX
..XOXOX
OXOXOXO
OXOXOXO
OXOXOXO

[MOVE] Player 1 drop col 2
..XOXOX
..XOXOX
..XOXOX
OXOXOXO
OXOXOXO
OXOXOXO

[MOVE] Player 0 drop col 1
..XOXOX
..XOXOX
.OXOXOX
OXOXOXO
OXOXOXO
OXOXOXO

[MOVE] Player 1 drop col 0
..XOXOX
..XOXOX
XOXOXOX
OXOXOXO
OXOXOXO
OXOXOXO

[MOVE] Player 0 drop col 1
..XOXOX
.OXOXOX
XOXOXOX
OXOXOXO
OXOXOXO
OXOXOXO

[MOVE] Player 1 drop col 0
..XOXOX
XOXOXOX
XOXOXOX
OXOXOXO
OXOXOXO
OXOXOXO

[MOVE] Player 0 drop col 1
.OXOXOX
XOXOXOX
XOXOXOX
OXOXOXO
OXOXOXO
OXOXOXO

[MOVE] Player 1 drop col 0
[END] Game Over! TIE
XOXOXOX
XOXOXOX
XOXOXOX
OXOXOXO
OXOXOXO
OXOXOXO
.......
.......
.......
.......
.......
.......

[EXIT] User exited
