Game started at Wed Jul  2 20:39:48 2025

Round 0 | Player 0 move: pit 5
Board P1: 4 4 4 4 4 4 0 
Board P0: 4 4 4 4 4 4 0 
Next: Player 1
-----------------------------
Round 1 | Player 1 move: pit 1
Board P1: 5 5 5 4 4 4 0 
Board P0: 4 4 4 4 4 0 1 
Next: Player 1
-----------------------------
Round 2 | Player 1 move: pit 2
Board P1: 5 0 6 5 5 5 1 
Board P0: 4 4 4 4 4 0 1 
Next: Player 0
-----------------------------
Round 3 | Player 0 move: pit 2
Board P1: 5 0 0 6 6 6 2 
Board P0: 5 5 4 4 4 0 1 
Next: Player 0
-----------------------------
Round 4 | Player 0 move: pit 1
Board P1: 5 0 0 6 6 6 2 
Board P0: 5 5 0 5 5 1 2 
Next: Player 0
-----------------------------
Round 5 | Player 0 move: pit 4
Board P1: 5 0 0 6 6 6 2 
Board P0: 5 0 1 6 6 2 3 
Next: Player 1
-----------------------------
Round 6 | Player 1 move: pit 3
Board P1: 6 1 1 7 6 6 2 
Board P0: 5 0 1 6 0 3 4 
Next: Player 0
-----------------------------
Round 7 | Player 0 move: pit 2
Board P1: 6 1 1 0 7 7 3 
Board P0: 6 1 2 7 0 3 4 
Next: Player 1
-----------------------------
Round 8 | Player 1 move: pit 5
Board P1: 6 0 1 0 7 7 3 
Board P0: 6 1 0 8 0 3 6 
Next: Player 0
-----------------------------
Round 9 | Player 0 move: pit 3
Board P1: 6 0 1 0 7 0 4 
Board P0: 7 2 1 9 1 4 6 
Next: Player 1
-----------------------------
Round 10 | Player 1 move: pit 4
Board P1: 7 1 2 1 8 1 4 
Board P0: 7 2 1 0 2 5 7 
Next: Player 0
-----------------------------
Round 11 | Player 0 move: pit 1
Board P1: 7 1 2 1 0 2 5 
Board P0: 8 3 2 1 3 6 7 
Next: Player 1
-----------------------------
Round 12 | Player 1 move: pit 3
Board P1: 7 1 2 1 0 2 5 
Board P0: 8 0 3 2 4 6 7 
Next: Player 0
-----------------------------
Round 13 | Player 0 move: pit 5
Board P1: 7 1 2 0 0 2 6 
Board P0: 8 0 3 2 4 6 7 
Next: Player 1
-----------------------------
Round 14 | Player 1 move: pit 0
Board P1: 8 2 3 1 1 2 6 
Board P0: 8 0 3 2 4 0 8 
Next: Player 0
-----------------------------
Round 15 | Player 0 move: pit 4
Board P1: 0 3 4 2 2 3 7 
Board P0: 9 1 3 2 4 0 8 
Next: Player 1
-----------------------------
Round 16 | Player 1 move: pit 2
Board P1: 1 4 4 2 2 3 7 
Board P0: 9 1 3 2 0 1 9 
Next: Player 1
-----------------------------
Round 17 | Player 1 move: pit 3
Board P1: 1 4 0 3 3 4 8 
Board P0: 9 1 3 2 0 1 9 
Next: Player 1
-----------------------------
Round 18 | Player 1 move: pit 1
Board P1: 1 4 0 0 4 5 9 
Board P0: 9 1 3 2 0 1 9 
Next: Player 0
-----------------------------
Round 19 | Player 0 move: pit 1
Board P1: 1 0 1 1 5 6 9 
Board P0: 9 1 3 2 0 1 9 
Next: Player 1
-----------------------------
Round 20 | Player 1 move: pit 4
Board P1: 1 0 1 1 5 6 9 
Board P0: 9 0 4 2 0 1 9 
Next: Player 0
-----------------------------
Round 21 | Player 0 move: pit 1
Board P1: 1 0 1 1 0 7 10 
Board P0: 10 1 5 2 0 1 9 
Next: Player 1
-----------------------------
Round 22 | Player 1 move: pit 0
Board P1: 1 0 1 1 0 7 10 
Board P0: 10 0 6 2 0 1 9 
Next: Player 0
-----------------------------
Round 23 | Player 0 move: pit 5
Board P1: 0 0 1 1 0 7 11 
Board P0: 10 0 6 2 0 1 9 
Next: Player 0
-----------------------------
Round 24 | Player 0 move: pit 3
Board P1: 0 0 1 1 0 7 11 
Board P0: 10 0 6 2 0 0 10 
Next: Player 1
-----------------------------
Round 25 | Player 1 move: pit 3
Board P1: 0 0 1 1 0 7 11 
Board P0: 10 0 6 0 1 0 11 
Next: Player 0
-----------------------------
Round 26 | Player 0 move: pit 2
Board P1: 0 0 1 0 0 7 12 
Board P0: 10 0 6 0 1 0 11 
Next: Player 1
-----------------------------
Round 27 | Player 1 move: pit 2
Board P1: 1 1 1 0 0 7 12 
Board P0: 10 0 0 1 2 1 12 
Next: Player 0
-----------------------------
Round 28 | Player 0 move: pit 0
Board P1: 1 1 0 0 0 7 13 
Board P0: 10 0 0 1 2 1 12 
Next: Player 1
-----------------------------
Round 29 | Player 1 move: pit 3
Board P1: 2 2 1 1 0 7 13 
Board P0: 0 1 1 2 3 2 13 
Next: Player 0
-----------------------------
Round 30 | Player 0 move: pit 2
Board P1: 2 2 1 0 0 7 15 
Board P0: 0 0 1 2 3 2 13 
Next: Player 1
-----------------------------
Round 31 | Player 1 move: pit 2
Board P1: 2 2 1 0 0 7 15 
Board P0: 0 0 0 3 3 2 13 
Next: Player 0
-----------------------------
Round 32 | Player 0 move: pit 3
Board P1: 2 2 0 0 0 7 16 
Board P0: 0 0 0 3 3 2 13 
Next: Player 0
-----------------------------
Round 33 | Player 0 move: pit 5
Board P1: 2 2 0 0 0 7 16 
Board P0: 0 0 0 0 4 3 14 
Next: Player 1
-----------------------------
Round 34 | Player 1 move: pit 1
Board P1: 3 3 0 0 0 7 16 
Board P0: 0 0 0 0 4 0 15 
Next: Player 0
-----------------------------
Round 35 | Player 0 move: pit 4
Board P1: 3 0 1 1 0 7 17 
Board P0: 0 0 0 0 4 0 15 
Next: Player 1
-----------------------------
Round 36 | Player 1 move: pit 3
Board P1: 4 1 1 1 0 7 17 
Board P0: 0 0 0 0 0 1 16 
Next: Player 0
-----------------------------
Round 37 | Player 0 move: pit 5
Board P1: 4 1 1 0 0 7 18 
Board P0: 0 0 0 0 0 1 16 
Game Over! Player 0 wins. (30-18)
-----------------------------
